<?xml version="1.0" encoding="UTF-8"?>
<!-- Generated by org.testng.reporters.JUnitReportReporter -->
<testsuite hostname="DESKTOP-RU574JG" failures="0" tests="1" name="com.medsol.testcases.TC_Documents_Documents_SearchDocument" time="21.163" errors="0" timestamp="2023-03-28T16:35:52 IST" skipped="0">
  <testcase classname="com.medsol.testcases.TC_Documents_Documents_SearchDocument" name="searchDocument" time="21.163"/>
  <system-out/>
</testsuite> <!-- com.medsol.testcases.TC_Documents_Documents_SearchDocument -->
