<?xml version="1.0" encoding="UTF-8"?>
<!-- Generated by org.testng.reporters.JUnitReportReporter -->
<testsuite hostname="DESKTOP-RU574JG" failures="0" tests="1" name="com.medsol.testcases.TC_BedManagement_BedAssigns_BedStatus" time="25.898" errors="0" timestamp="2023-03-28T16:25:36 IST" skipped="0">
  <testcase classname="com.medsol.testcases.TC_BedManagement_BedAssigns_BedStatus" name="checkBedStatus" time="25.898"/>
  <system-out/>
</testsuite> <!-- com.medsol.testcases.TC_BedManagement_BedAssigns_BedStatus -->
