<?xml version="1.0" encoding="UTF-8"?>
<!-- Generated by org.testng.reporters.JUnitReportReporter -->
<testsuite hostname="DESKTOP-RU574JG" failures="0" tests="1" name="com.medsol.testcases.Documents" time="44.785" errors="0" timestamp="2023-03-28T19:05:05 IST" skipped="0">
  <testcase classname="com.medsol.testcases.Documents" name="creatingNewDocument" time="44.785"/>
  <system-out/>
</testsuite> <!-- com.medsol.testcases.Documents -->
