<?xml version="1.0" encoding="UTF-8"?>
<!-- Generated by org.testng.reporters.JUnitReportReporter -->
<testsuite hostname="DESKTOP-RU574JG" failures="0" tests="1" name="com.medsol.testcases.TC_Billing_Invoice_Created" time="25.612" errors="0" timestamp="2023-03-28T15:09:02 IST" skipped="0">
  <testcase classname="com.medsol.testcases.TC_Billing_Invoice_Created" name="creatingNewInvoice" time="25.612"/>
  <system-out/>
</testsuite> <!-- com.medsol.testcases.TC_Billing_Invoice_Created -->
