<?xml version="1.0" encoding="UTF-8"?>
<!-- Generated by org.testng.reporters.JUnitReportReporter -->
<testsuite hostname="DESKTOP-RU574JG" failures="0" tests="1" name="com.medsol.testcases.TC_BedManagement_BedAssigns_NewBedAssign" time="38.938" errors="0" timestamp="2023-03-28T16:26:58 IST" skipped="0">
  <testcase classname="com.medsol.testcases.TC_BedManagement_BedAssigns_NewBedAssign" name="assigningNewBed" time="38.938"/>
  <system-out/>
</testsuite> <!-- com.medsol.testcases.TC_BedManagement_BedAssigns_NewBedAssign -->
