<?xml version="1.0" encoding="UTF-8"?>
<!-- Generated by org.testng.reporters.JUnitReportReporter -->
<testsuite hostname="DESKTOP-RU574JG" failures="0" tests="1" name="com.medsol.testcases.TC_Documents_Documents" time="15.394" errors="0" timestamp="2023-03-24T18:03:00 IST" skipped="0">
  <testcase classname="com.medsol.testcases.TC_Documents_Documents" name="searchDocument" time="15.394"/>
  <system-out/>
</testsuite> <!-- com.medsol.testcases.TC_Documents_Documents -->
