<?xml version="1.0" encoding="UTF-8"?>
<!-- Generated by org.testng.reporters.JUnitReportReporter -->
<testsuite hostname="DESKTOP-RU574JG" failures="0" tests="1" name="com.medsol.testcases.TC_Billing_Invoice_Delete" time="50.144" errors="0" timestamp="2023-03-28T16:23:40 IST" skipped="0">
  <testcase classname="com.medsol.testcases.TC_Billing_Invoice_Delete" name="deleteExistingInvoice" time="50.144"/>
  <system-out/>
</testsuite> <!-- com.medsol.testcases.TC_Billing_Invoice_Delete -->
